<?xml version="1.0" encoding="UTF-8"?>
<!-- Generated by org.testng.reporters.JUnitXMLReporter -->
<testsuite ignored="0" hostname="LAPTOP-Q72SAP8P" failures="1" tests="7" name="Sample" time="0.162" errors="0" timestamp="2024-02-03T18:01:06 IST">
  <testcase classname="com.testng.retry.SamplClassTwo" name="sampleTestTwoMethodOne" time="0.012"/>
  <testcase classname="com.testng.retry.SamplClassTwo" name="sampleTestTwoMethodTwo" time="0.002">
    <skipped/>
  </testcase> <!-- sampleTestTwoMethodTwo -->
  <testcase classname="com.testng.retry.SamplClassTwo" name="sampleTestTwoMethodTwo" time="0.003">
    <skipped/>
  </testcase> <!-- sampleTestTwoMethodTwo -->
  <testcase classname="com.testng.retry.SamplClassTwo" name="sampleTestTwoMethodTwo" time="0.003">
    <skipped/>
  </testcase> <!-- sampleTestTwoMethodTwo -->
  <testcase classname="com.testng.retry.SamplClassTwo" name="sampleTestTwoMethodTwo" time="0.001">
    <failure type="java.lang.ArithmeticException" message="/ by zero">
      <![CDATA[java.lang.ArithmeticException: / by zero
at com.testng.retry.SamplClassTwo.sampleTestTwoMethodTwo(SamplClassTwo.java:15)
at java.base/java.util.ArrayList.forEach(ArrayList.java:1511)
... Removed 27 stack frames]]>
    </failure>
  </testcase> <!-- sampleTestTwoMethodTwo -->
  <testcase classname="com.testng.retry.SampleTestOne" name="sampleTestOneMethodOne" time="0.004"/>
  <testcase classname="com.testng.retry.SampleTestOne" name="sampleTestOneMethodTwo" time="0.003"/>
</testsuite> <!-- Sample -->
