<?xml version="1.0" encoding="UTF-8"?>
<!-- Generated by org.testng.reporters.JUnitXMLReporter -->
<testsuite hostname="LAPTOP-Q72SAP8P" ignored="0" name="Default test" tests="3" failures="0" timestamp="2021-05-11T16:24:35 IST" time="143.149" errors="0">
  <testcase name="doZohoLoginTest" time="31.961" classname="com.dataDriven.frmeWork.test.loginTest.ZohoLoginTest"/>
  <testcase name="doZohoLoginTest" time="33.283" classname="com.dataDriven.frmeWork.test.loginTest.ZohoLoginTest"/>
  <testcase name="doZohoLoginTest" time="76.056" classname="com.dataDriven.frmeWork.test.loginTest.ZohoLoginTest"/>
</testsuite> <!-- Default test -->
