<?xml version="1.0" encoding="UTF-8"?>
<!-- Generated by org.testng.reporters.JUnitXMLReporter -->
<testsuite hostname="LAPTOP-Q72SAP8P" ignored="0" name="Default test" tests="5" failures="0" timestamp="2021-05-31T16:02:58 IST" time="210.201" errors="0">
  <testcase name="calculateCarLoan" time="19.149" classname="HackathonProject.findTheInterestAmount.PageClass"/>
  <testcase name="homeLoanEmiCalculator" time="38.404" classname="HackathonProject.findTheInterestAmount.PageClass"/>
  <testcase name="testLoanCalculator" time="50.756" classname="HackathonProject.findTheInterestAmount.PageClass"/>
  <testcase name="testLoanCalculator" time="52.085" classname="HackathonProject.findTheInterestAmount.PageClass"/>
  <testcase name="testLoanCalculator" time="47.671" classname="HackathonProject.findTheInterestAmount.PageClass"/>
</testsuite> <!-- Default test -->
