<?xml version="1.0" encoding="UTF-8"?>
<testng-results ignored="0" total="2" passed="2" failed="0" skipped="0">
  <reporter-output>
  </reporter-output>
  <suite started-at="2024-02-07T08:06:25 IST" name="Default suite" finished-at="2024-02-07T08:06:25 IST" duration-ms="793">
    <groups>
    </groups>
    <test started-at="2024-02-07T08:06:25 IST" name="Default test" finished-at="2024-02-07T08:06:25 IST" duration-ms="793">
      <class name="com.rest.test.TestGetCall">
        <test-method is-config="true" signature="setup()[pri:0, instance:com.rest.test.TestGetCall@4b8ee4de]" started-at="2024-02-07T08:06:25 IST" name="setup" finished-at="2024-02-07T08:06:25 IST" duration-ms="15" status="PASS">
          <reporter-output>
          </reporter-output>
        </test-method> <!-- setup -->
        <test-method signature="testGetCall()[pri:0, instance:com.rest.test.TestGetCall@4b8ee4de]" started-at="2024-02-07T08:06:25 IST" name="testGetCall" finished-at="2024-02-07T08:06:25 IST" duration-ms="632" status="PASS">
          <reporter-output>
          </reporter-output>
        </test-method> <!-- testGetCall -->
        <test-method signature="testGetCallResponse()[pri:0, instance:com.rest.test.TestGetCall@4b8ee4de]" started-at="2024-02-07T08:06:25 IST" name="testGetCallResponse" finished-at="2024-02-07T08:06:25 IST" duration-ms="95" status="PASS">
          <reporter-output>
          </reporter-output>
        </test-method> <!-- testGetCallResponse -->
      </class> <!-- com.rest.test.TestGetCall -->
    </test> <!-- Default test -->
  </suite> <!-- Default suite -->
</testng-results>
