<?xml version="1.0" encoding="UTF-8"?>
<testng-results skipped="0" failed="0" ignored="0" total="1" passed="1">
  <reporter-output>
  </reporter-output>
  <suite name="Surefire suite" duration-ms="5484" started-at="2021-06-11T19:58:20 IST" finished-at="2021-06-11T19:58:26 IST">
    <groups>
    </groups>
    <test name="Surefire test" duration-ms="5484" started-at="2021-06-11T19:58:20 IST" finished-at="2021-06-11T19:58:26 IST">
      <class name="simpleMaven.simpleMaven.AppTest">
        <test-method status="PASS" signature="test()[pri:0, instance:simpleMaven.simpleMaven.AppTest@1e127982]" name="test" duration-ms="5393" started-at="2021-06-11T19:58:20 IST" finished-at="2021-06-11T19:58:26 IST">
          <reporter-output>
          </reporter-output>
        </test-method> <!-- test -->
      </class> <!-- simpleMaven.simpleMaven.AppTest -->
    </test> <!-- Surefire test -->
  </suite> <!-- Surefire suite -->
</testng-results>
