<?xml version="1.0" encoding="UTF-8"?>
<!-- Generated by org.testng.reporters.JUnitXMLReporter -->
<testsuite hostname="LAPTOP-Q72SAP8P" ignored="0" name="Default test" tests="5" failures="0" timestamp="2021-05-24T22:20:12 IST" time="229.361" errors="0">
  <testcase name="calculateCarLoan" time="20.651" classname="InterestCalaculator.PageClass"/>
  <testcase name="homeLoanEmiCalculator" time="31.21" classname="InterestCalaculator.PageClass"/>
  <testcase name="testLoanCalculator" time="53.757" classname="InterestCalaculator.PageClass"/>
  <testcase name="testLoanCalculator" time="60.677" classname="InterestCalaculator.PageClass"/>
  <testcase name="testLoanCalculator" time="61.056" classname="InterestCalaculator.PageClass"/>
</testsuite> <!-- Default test -->
