<?xml version="1.0" encoding="UTF-8"?>
<testng-results skipped="0" failed="0" ignored="0" total="0" passed="0">
  <reporter-output>
  </reporter-output>
  <suite name="Default suite" duration-ms="394" started-at="2021-06-08T19:04:50 IST" finished-at="2021-06-08T19:04:51 IST">
    <groups>
      <group name="cucumber">
        <method signature="AbstractTestNGCucumberTests.runScenario(io.cucumber.testng.PickleWrapper,io.cucumber.testng.FeatureWrapper)[pri:0, instance:runner.TestRunner@78ac1102]" name="runScenario" class="io.cucumber.testng.AbstractTestNGCucumberTests"/>
      </group> <!-- cucumber -->
    </groups>
    <test name="Default test" duration-ms="394" started-at="2021-06-08T19:04:50 IST" finished-at="2021-06-08T19:04:51 IST">
      <class name="runner.TestRunner">
        <test-method status="PASS" signature="setUpClass()[pri:0, instance:runner.TestRunner@78ac1102]" name="setUpClass" is-config="true" duration-ms="322" started-at="2021-06-08T19:04:50 IST" finished-at="2021-06-08T19:04:51 IST">
          <reporter-output>
          </reporter-output>
        </test-method> <!-- setUpClass -->
        <test-method status="PASS" signature="tearDownClass()[pri:0, instance:runner.TestRunner@78ac1102]" name="tearDownClass" is-config="true" duration-ms="16" started-at="2021-06-08T19:04:51 IST" finished-at="2021-06-08T19:04:51 IST">
          <reporter-output>
          </reporter-output>
        </test-method> <!-- tearDownClass -->
      </class> <!-- runner.TestRunner -->
    </test> <!-- Default test -->
  </suite> <!-- Default suite -->
</testng-results>
