<?xml version="1.0" encoding="UTF-8"?>
<!-- Generated by org.testng.reporters.JUnitXMLReporter -->
<testsuite ignored="1" hostname="LAPTOP-Q72SAP8P" failures="0" tests="1" name="Default test" time="0.089" errors="0" timestamp="2024-01-17T20:36:59 IST">
  <testcase classname="FacebookLogin" name="loginWithInvalidCred" time="0.014"/>
  <testcase classname="FacebookLogin" name="loginWithValidCred" time="0.0">
    <ignored/>
  </testcase> <!-- loginWithValidCred -->
</testsuite> <!-- Default test -->
