<?xml version="1.0" encoding="UTF-8"?>
<!-- Generated by org.testng.reporters.JUnitXMLReporter -->
<testsuite ignored="0" hostname="LAPTOP-Q72SAP8P" failures="0" tests="3" name="Unit Test" time="0.043" errors="0" timestamp="2024-01-18T21:34:12 IST">
  <testcase classname="com.testng.dataprovider.DataProviderParameterExample" name="commonScenarios" time="0.003"/>
  <testcase classname="com.testng.dataprovider.DataProviderParameterExample" name="scenario1" time="0.003"/>
  <testcase classname="com.testng.dataprovider.DataProviderParameterExample" name="scenario2" time="0.003"/>
</testsuite> <!-- Unit Test -->
