<?xml version="1.0" encoding="UTF-8"?>
<testng-results ignored="0" total="4" passed="4" failed="0" skipped="0">
  <reporter-output>
  </reporter-output>
  <suite started-at="2024-01-25T22:10:34 IST" name="Suite A and B" finished-at="2024-01-25T22:10:34 IST" duration-ms="0">
    <groups>
    </groups>
  </suite> <!-- Suite A and B -->
  <suite started-at="2024-01-25T22:10:29 IST" name="SuiteA" finished-at="2024-01-25T22:10:34 IST" duration-ms="5154">
    <groups>
    </groups>
    <test started-at="2024-01-25T22:10:29 IST" name="TestA" finished-at="2024-01-25T22:10:34 IST" duration-ms="5127">
      <class name="suiteA.TestClassA">
        <test-method signature="testA()[pri:0, instance:suiteA.TestClassA@69997e9d]" started-at="2024-01-25T22:10:29 IST" name="testA" finished-at="2024-01-25T22:10:34 IST" duration-ms="5028" status="PASS">
          <reporter-output>
          </reporter-output>
        </test-method> <!-- testA -->
      </class> <!-- suiteA.TestClassA -->
    </test> <!-- TestA -->
    <test started-at="2024-01-25T22:10:29 IST" name="TestAA" finished-at="2024-01-25T22:10:34 IST" duration-ms="5154">
      <class name="suiteA.TestClassAA">
        <test-method signature="testAA()[pri:0, instance:suiteA.TestClassAA@7bd4937b]" started-at="2024-01-25T22:10:29 IST" name="testAA" finished-at="2024-01-25T22:10:34 IST" duration-ms="5028" status="PASS">
          <reporter-output>
          </reporter-output>
        </test-method> <!-- testAA -->
      </class> <!-- suiteA.TestClassAA -->
    </test> <!-- TestAA -->
  </suite> <!-- SuiteA -->
  <suite started-at="2024-01-25T22:10:29 IST" name="SuiteB" finished-at="2024-01-25T22:10:34 IST" duration-ms="5159">
    <groups>
    </groups>
    <test started-at="2024-01-25T22:10:29 IST" name="TestB" finished-at="2024-01-25T22:10:34 IST" duration-ms="5152">
      <class name="suiteB.TestClassB">
        <test-method signature="testB()[pri:0, instance:suiteB.TestClassB@74751b3]" started-at="2024-01-25T22:10:29 IST" name="testB" finished-at="2024-01-25T22:10:34 IST" duration-ms="5029" status="PASS">
          <reporter-output>
          </reporter-output>
        </test-method> <!-- testB -->
      </class> <!-- suiteB.TestClassB -->
    </test> <!-- TestB -->
    <test started-at="2024-01-25T22:10:29 IST" name="TestBB" finished-at="2024-01-25T22:10:34 IST" duration-ms="5155">
      <class name="suiteB.TestClassBB">
        <test-method signature="testBB()[pri:0, instance:suiteB.TestClassBB@4f2b503c]" started-at="2024-01-25T22:10:29 IST" name="testBB" finished-at="2024-01-25T22:10:34 IST" duration-ms="5028" status="PASS">
          <reporter-output>
          </reporter-output>
        </test-method> <!-- testBB -->
      </class> <!-- suiteB.TestClassBB -->
    </test> <!-- TestBB -->
  </suite> <!-- SuiteB -->
</testng-results>
