<?xml version="1.0" encoding="UTF-8"?>
<testng-results ignored="0" total="1" passed="1" failed="0" skipped="0">
  <reporter-output>
  </reporter-output>
  <suite started-at="2024-03-22T17:41:18 IST" name="Default suite" finished-at="2024-03-22T17:41:19 IST" duration-ms="1027">
    <groups>
    </groups>
    <test started-at="2024-03-22T17:41:18 IST" name="Default test" finished-at="2024-03-22T17:41:19 IST" duration-ms="1027">
      <class name="pojoClasses.CreateNestedJsonfromPOJO">
        <test-method signature="generatePOJOData()[pri:0, instance:pojoClasses.CreateNestedJsonfromPOJO@35aea049]" started-at="2024-03-22T17:41:18 IST" name="generatePOJOData" finished-at="2024-03-22T17:41:19 IST" duration-ms="965" status="PASS">
          <reporter-output>
          </reporter-output>
        </test-method> <!-- generatePOJOData -->
      </class> <!-- pojoClasses.CreateNestedJsonfromPOJO -->
    </test> <!-- Default test -->
  </suite> <!-- Default suite -->
</testng-results>
