<?xml version="1.0" encoding="UTF-8"?>
<!-- Generated by org.testng.reporters.JUnitXMLReporter -->
<testsuite hostname="LAPTOP-Q72SAP8P" ignored="0" name="Default test" tests="5" failures="0" timestamp="2021-05-23T14:07:38 IST" time="36.694" errors="0">
  <testcase name="testopenBrowser" time="7.504" classname="com.InterestAmount.testcases.homeLoanTestCases"/>
  <testcase name="testHomeEmi" time="24.117" classname="com.InterestAmount.testcases.homeLoanTestCases"/>
  <testcase name="testdataexport" time="4.47" classname="com.InterestAmount.testcases.homeLoanTestCases"/>
  <testcase name="close" time="0.201" classname="com.InterestAmount.testcases.homeLoanTestCases"/>
  <testcase name="endReport" time="0.36" classname="com.InterestAmount.testcases.homeLoanTestCases"/>
</testsuite> <!-- Default test -->
