<?xml version="1.0" encoding="UTF-8"?>
<!-- Generated by org.testng.reporters.JUnitXMLReporter -->
<testsuite ignored="0" hostname="LAPTOP-Q72SAP8P" failures="0" tests="3" name="Facebook Login Positive Case" time="0.056" errors="0" timestamp="2024-01-24T22:25:14 IST">
  <testcase classname="FaceBookLogin" name="loginWithInValidCredentials" time="0.007"/>
  <testcase classname="FaceBookLogin" name="loginWithInValidUserName" time="0.002"/>
  <testcase classname="FaceBookLogin" name="loginWithValidCredentials" time="0.001"/>
</testsuite> <!-- Facebook Login Positive Case -->
