<?xml version="1.0" encoding="UTF-8"?>
<testng-results ignored="0" total="8" passed="8" failed="0" skipped="0">
  <reporter-output>
  </reporter-output>
  <suite started-at="2021-05-24T09:35:20 IST" name="Default suite" finished-at="2021-05-24T09:40:11 IST" duration-ms="290427">
    <groups>
    </groups>
    <test started-at="2021-05-24T09:35:20 IST" name="Default test" finished-at="2021-05-24T09:40:11 IST" duration-ms="290427">
      <class name="com.insurance.test.TravelInsurance_test">
        <test-method signature="openurl()[pri:0, instance:com.insurance.test.TravelInsurance_test@4e0ae11f]" started-at="2021-05-24T09:35:20 IST" name="openurl" finished-at="2021-05-24T09:35:30 IST" duration-ms="9672" status="PASS">
          <reporter-output>
          </reporter-output>
        </test-method> <!-- openurl -->
        <test-method signature="testone(java.util.Hashtable)[pri:1, instance:com.insurance.test.TravelInsurance_test@4e0ae11f]" started-at="2021-05-24T09:35:32 IST" name="testone" data-provider="getDataTravelInsurance" finished-at="2021-05-24T09:36:19 IST" duration-ms="47596" status="PASS">
          <params>
            <param index="0">
              <value>
                <![CDATA[{StartDate=05/06/2021, Age2=22, Mobile number=9876543210, Age1=21, Comment="For Germany", EndDate=17/06/2021, Email Id=vijaya@gmail.com, Full Name=Ms.Vijaya, Country=Germany}]]>
              </value>
            </param>
          </params>
          <reporter-output>
          </reporter-output>
        </test-method> <!-- testone -->
        <test-method signature="testone(java.util.Hashtable)[pri:1, instance:com.insurance.test.TravelInsurance_test@4e0ae11f]" started-at="2021-05-24T09:36:19 IST" name="testone" data-provider="getDataTravelInsurance" finished-at="2021-05-24T09:37:05 IST" duration-ms="45631" status="PASS">
          <params>
            <param index="0">
              <value>
                <![CDATA[{StartDate=05/06/2021, Age2=21, Mobile number=9854761203, Age1=22, Comment="For Belgium", EndDate=30/06/2021, Email Id=surya@gmail.com, Full Name=Mr.Surya, Country=Belgium}]]>
              </value>
            </param>
          </params>
          <reporter-output>
          </reporter-output>
        </test-method> <!-- testone -->
        <test-method signature="testone(java.util.Hashtable)[pri:1, instance:com.insurance.test.TravelInsurance_test@4e0ae11f]" started-at="2021-05-24T09:37:05 IST" name="testone" data-provider="getDataTravelInsurance" finished-at="2021-05-24T09:37:52 IST" duration-ms="46452" status="PASS">
          <params>
            <param index="0">
              <value>
                <![CDATA[{StartDate=18/07/2021, Age2=22, Mobile number=9487612350, Age1=21, Comment="For France", EndDate=20/09/2021, Email Id=ajith@gmail.com, Full Name=Mr.Ajith, Country=France}]]>
              </value>
            </param>
          </params>
          <reporter-output>
          </reporter-output>
        </test-method> <!-- testone -->
        <test-method signature="testtwo(java.util.Hashtable)[pri:2, instance:com.insurance.test.TravelInsurance_test@4e0ae11f]" started-at="2021-05-24T09:37:52 IST" name="testtwo" data-provider="getDataCarInsurance" finished-at="2021-05-24T09:38:38 IST" duration-ms="46742" status="PASS">
          <params>
            <param index="0">
              <value>
                <![CDATA[{Name=Kumar, RTO & City Name=MH01, PhoneNumber=9789212012, Comment="Invalid Email Id", Model Variant=1.3 DX (1343 Cc), Email=kumargmail.com, Car Name=HONDA CITY}]]>
              </value>
            </param>
          </params>
          <reporter-output>
          </reporter-output>
        </test-method> <!-- testtwo -->
        <test-method signature="testtwo(java.util.Hashtable)[pri:2, instance:com.insurance.test.TravelInsurance_test@4e0ae11f]" started-at="2021-05-24T09:38:38 IST" name="testtwo" data-provider="getDataCarInsurance" finished-at="2021-05-24T09:39:25 IST" duration-ms="46059" status="PASS">
          <params>
            <param index="0">
              <value>
                <![CDATA[{Name=Vishali, RTO & City Name=Ka04 , PhoneNumber=454202460, Comment="Invalid PhoneNumber", Model Variant=ACTIVE 1.6 MPI MT (1598 Cc), Email=vishali@gmail.com, Car Name=SKODA RAPID}]]>
              </value>
            </param>
          </params>
          <reporter-output>
          </reporter-output>
        </test-method> <!-- testtwo -->
        <test-method signature="testtwo(java.util.Hashtable)[pri:2, instance:com.insurance.test.TravelInsurance_test@4e0ae11f]" started-at="2021-05-24T09:39:25 IST" name="testtwo" data-provider="getDataCarInsurance" finished-at="2021-05-24T09:40:10 IST" duration-ms="45547" status="PASS">
          <params>
            <param index="0">
              <value>
                <![CDATA[{Name=Shiva, RTO & City Name=TN02, PhoneNumber=978912, Comment="Invalid Email Id and PhoneNumber", Model Variant=1.2 Xcent E+ (1197 Cc), Email=shiva2505@.com, Car Name=HYUNDAI XCENT}]]>
              </value>
            </param>
          </params>
          <reporter-output>
          </reporter-output>
        </test-method> <!-- testtwo -->
        <test-method signature="testthree()[pri:3, instance:com.insurance.test.TravelInsurance_test@4e0ae11f]" started-at="2021-05-24T09:40:10 IST" name="testthree" finished-at="2021-05-24T09:40:11 IST" duration-ms="777" status="PASS">
          <reporter-output>
          </reporter-output>
        </test-method> <!-- testthree -->
        <test-method is-config="true" signature="endReport()[pri:0, instance:com.insurance.test.TravelInsurance_test@4e0ae11f]" started-at="2021-05-24T09:40:11 IST" name="endReport" finished-at="2021-05-24T09:40:12 IST" duration-ms="947" status="PASS">
          <reporter-output>
          </reporter-output>
        </test-method> <!-- endReport -->
      </class> <!-- com.insurance.test.TravelInsurance_test -->
    </test> <!-- Default test -->
  </suite> <!-- Default suite -->
</testng-results>
