<?xml version="1.0" encoding="UTF-8"?>
<!-- Generated by org.testng.reporters.JUnitXMLReporter -->
<testsuite ignored="0" hostname="LAPTOP-Q72SAP8P" failures="0" tests="2" name="Test Parameter via XML file" time="0.023" errors="0" timestamp="2024-01-18T21:34:12 IST">
  <testcase classname="com.testng.training.TestParameters" name="testCaseOne" time="0.004"/>
  <testcase classname="com.testng.training.TestParameters" name="testCaseTwo" time="0.004"/>
</testsuite> <!-- Test Parameter via XML file -->
