<?xml version="1.0" encoding="UTF-8"?>
<!-- Generated by org.testng.reporters.JUnitXMLReporter -->
<testsuite hostname="sunflower-PC" ignored="0" name="homeLoan" tests="5" failures="0" timestamp="2021-04-15T20:57:03 IST" time="47.341" errors="0">
  <testcase name="testopenBrowser" time="14.12" classname="com.InterestAmount.testcases.homeLoanTestCases"/>
  <testcase name="testHomeEmi" time="13.721" classname="com.InterestAmount.testcases.homeLoanTestCases"/>
  <testcase name="testdataexport" time="16.909" classname="com.InterestAmount.testcases.homeLoanTestCases"/>
  <testcase name="close" time="2.374" classname="com.InterestAmount.testcases.homeLoanTestCases"/>
  <testcase name="endReport" time="0.19" classname="com.InterestAmount.testcases.homeLoanTestCases"/>
</testsuite> <!-- homeLoan -->
