<?xml version="1.0" encoding="UTF-8"?>
<!-- Generated by org.testng.reporters.JUnitXMLReporter -->
<testsuite hostname="sunflower-PC" ignored="0" name="homeTest" tests="15" failures="0" timestamp="2021-04-15T20:58:02 IST" time="33.347" errors="0">
  <testcase name="testloancalcnavigate" time="12.385" classname="com.InterestAmount.testcases.loanAmountCalculatorUICheckTestcases"/>
  <testcase name="testEMIslider" time="0.753" classname="com.InterestAmount.testcases.loanAmountCalculatorUICheckTestcases"/>
  <testcase name="testEMIslidercheck" time="1.313" classname="com.InterestAmount.testcases.loanAmountCalculatorUICheckTestcases"/>
  <testcase name="testEMItextbox" time="0.339" classname="com.InterestAmount.testcases.loanAmountCalculatorUICheckTestcases"/>
  <testcase name="testfeeChargeSlidercheck" time="1.067" classname="com.InterestAmount.testcases.loanAmountCalculatorUICheckTestcases"/>
  <testcase name="testfeechargesslider" time="0.304" classname="com.InterestAmount.testcases.loanAmountCalculatorUICheckTestcases"/>
  <testcase name="testfeechargestextbox" time="0.343" classname="com.InterestAmount.testcases.loanAmountCalculatorUICheckTestcases"/>
  <testcase name="testinterestrateslider" time="0.207" classname="com.InterestAmount.testcases.loanAmountCalculatorUICheckTestcases"/>
  <testcase name="testinterestrateslidercheck" time="0.982" classname="com.InterestAmount.testcases.loanAmountCalculatorUICheckTestcases"/>
  <testcase name="testinterestratetextbox" time="0.502" classname="com.InterestAmount.testcases.loanAmountCalculatorUICheckTestcases"/>
  <testcase name="testloantermslider" time="0.536" classname="com.InterestAmount.testcases.loanAmountCalculatorUICheckTestcases"/>
  <testcase name="testloantermslidercheck" time="1.354" classname="com.InterestAmount.testcases.loanAmountCalculatorUICheckTestcases"/>
  <testcase name="testloantermtextbox" time="0.588" classname="com.InterestAmount.testcases.loanAmountCalculatorUICheckTestcases"/>
  <testcase name="close" time="0.512" classname="com.InterestAmount.testcases.loanAmountCalculatorUICheckTestcases"/>
  <testcase name="endReport" time="0.15" classname="com.InterestAmount.testcases.loanAmountCalculatorUICheckTestcases"/>
</testsuite> <!-- homeTest -->
