<?xml version="1.0" encoding="UTF-8"?>
<!-- Generated by org.testng.reporters.JUnitXMLReporter -->
<testsuite hostname="sunflower-PC" ignored="0" name="Loan Tenure" tests="16" failures="0" timestamp="2021-04-15T20:58:49 IST" time="46.91" errors="0">
  <testcase name="openBrowsertestCase" time="14.119" classname="com.InterestAmount.testcases.loanTenureUICheckTestCases"/>
  <testcase name="testloanTenurenavigate" time="9.637" classname="com.InterestAmount.testcases.loanTenureUICheckTestCases"/>
  <testcase name="testEMItextbox" time="0.429" classname="com.InterestAmount.testcases.loanTenureUICheckTestCases"/>
  <testcase name="testemislider" time="0.626" classname="com.InterestAmount.testcases.loanTenureUICheckTestCases"/>
  <testcase name="testemislidercheck" time="14.798" classname="com.InterestAmount.testcases.loanTenureUICheckTestCases"/>
  <testcase name="testfeechargesslider" time="0.286" classname="com.InterestAmount.testcases.loanTenureUICheckTestCases"/>
  <testcase name="testfeechargestextbox" time="0.5" classname="com.InterestAmount.testcases.loanTenureUICheckTestCases"/>
  <testcase name="testfeeslidercheck" time="1.033" classname="com.InterestAmount.testcases.loanTenureUICheckTestCases"/>
  <testcase name="testinterestRatetextbox" time="0.294" classname="com.InterestAmount.testcases.loanTenureUICheckTestCases"/>
  <testcase name="testloanAmountslider" time="0.237" classname="com.InterestAmount.testcases.loanTenureUICheckTestCases"/>
  <testcase name="testloanAmountslidercheck" time="1.085" classname="com.InterestAmount.testcases.loanTenureUICheckTestCases"/>
  <testcase name="testloanAmounttextbox" time="0.473" classname="com.InterestAmount.testcases.loanTenureUICheckTestCases"/>
  <testcase name="testloantermslider" time="0.363" classname="com.InterestAmount.testcases.loanTenureUICheckTestCases"/>
  <testcase name="testloantermslidercheck" time="2.284" classname="com.InterestAmount.testcases.loanTenureUICheckTestCases"/>
  <testcase name="testclose" time="0.579" classname="com.InterestAmount.testcases.loanTenureUICheckTestCases"/>
  <testcase name="testendReport" time="0.125" classname="com.InterestAmount.testcases.loanTenureUICheckTestCases"/>
</testsuite> <!-- Loan Tenure -->
