<?xml version="1.0" encoding="UTF-8"?>
<!-- Generated by org.testng.reporters.JUnitXMLReporter -->
<testsuite hostname="sunflower-PC" ignored="0" name="Test" tests="5" failures="0" timestamp="2021-04-15T20:56:15 IST" time="23.045" errors="0">
  <testcase name="openBrowsertestCase" time="13.886" classname="com.InterestAmount.testcases.carLoanTestCases"/>
  <testcase name="carEMIFormtestCase" time="5.125" classname="com.InterestAmount.testcases.carLoanTestCases"/>
  <testcase name="getdatatestcase" time="2.294" classname="com.InterestAmount.testcases.carLoanTestCases"/>
  <testcase name="closetestcase" time="0.759" classname="com.InterestAmount.testcases.carLoanTestCases"/>
  <testcase name="endReportestcase" time="0.815" classname="com.InterestAmount.testcases.carLoanTestCases"/>
</testsuite> <!-- Test -->
