<?xml version="1.0" encoding="UTF-8"?>
<!-- Generated by org.testng.reporters.JUnitXMLReporter -->
<testsuite ignored="0" hostname="LAPTOP-Q72SAP8P" failures="0" tests="4" name="Default test" time="8.542" errors="0" timestamp="2024-01-15T18:02:08 IST">
  <testcase classname="basic.testcase.CreateRepoTest" name="createRepoTestCase" time="4.932"/>
  <testcase classname="basic.testcase.CreateRepoTest" name="createRepoTest" time="1.879"/>
  <testcase classname="basic.testcase.CreateRepoTest" name="deleteRepo" time="0.849"/>
  <testcase classname="basic.testcase.CreateRepoTest" name="deleteRepoPOJO" time="0.807"/>
</testsuite> <!-- Default test -->
