<?xml version="1.0" encoding="UTF-8"?>
<testng-results ignored="1" total="2" passed="1" failed="0" skipped="0">
  <reporter-output>
  </reporter-output>
  <suite started-at="2024-01-17T20:36:59 IST" name="Default suite" finished-at="2024-01-17T20:36:59 IST" duration-ms="89">
    <groups>
    </groups>
    <test started-at="2024-01-17T20:36:59 IST" name="Default test" finished-at="2024-01-17T20:36:59 IST" duration-ms="89">
      <class name="FacebookLogin">
        <test-method signature="loginWithInvalidCred()[pri:0, instance:FacebookLogin@10e92f8f]" started-at="2024-01-17T20:36:59 IST" name="loginWithInvalidCred" finished-at="2024-01-17T20:36:59 IST" duration-ms="14" status="PASS">
          <reporter-output>
          </reporter-output>
        </test-method> <!-- loginWithInvalidCred -->
      </class> <!-- FacebookLogin -->
    </test> <!-- Default test -->
  </suite> <!-- Default suite -->
</testng-results>
