<?xml version="1.0" encoding="UTF-8"?>
<testng-results skipped="0" failed="0" ignored="0" total="1" passed="1">
  <reporter-output>
  </reporter-output>
  <suite name="Default suite" duration-ms="7591" started-at="2021-06-11T19:48:14 IST" finished-at="2021-06-11T19:48:21 IST">
    <groups>
    </groups>
    <test name="Default test" duration-ms="7591" started-at="2021-06-11T19:48:14 IST" finished-at="2021-06-11T19:48:21 IST">
      <class name="simpleMaven.NewClass">
        <test-method status="PASS" signature="test()[pri:0, instance:simpleMaven.NewClass@32d2fa64]" name="test" duration-ms="6434" started-at="2021-06-11T19:48:14 IST" finished-at="2021-06-11T19:48:20 IST">
          <reporter-output>
          </reporter-output>
        </test-method> <!-- test -->
      </class> <!-- simpleMaven.NewClass -->
    </test> <!-- Default test -->
  </suite> <!-- Default suite -->
</testng-results>
