<?xml version="1.0" encoding="UTF-8"?>
<testsuite xmlns:xsi="http://www.w3.org/2001/XMLSchema-instance" xsi:schemaLocation="https://maven.apache.org/surefire/maven-surefire-plugin/xsd/surefire-test-report.xsd" name="TestSuite" time="226.176" tests="5" errors="0" skipped="0" failures="0">
  <properties>
[...]
</properties>
  <testcase name="calculateCarLoan" classname="HackathonProject.findTheInterestAmount.PageClass" time="29.864"/>
  <testcase name="homeLoanEmiCalculator" classname="HackathonProject.findTheInterestAmount.PageClass" time="38.918"/>
  <testcase name="testLoanCalculator" classname="HackathonProject.findTheInterestAmount.PageClass" time="50.676"/>
  <testcase name="testLoanCalculator" classname="HackathonProject.findTheInterestAmount.PageClass" time="49.65"/>
  <testcase name="testLoanCalculator" classname="HackathonProject.findTheInterestAmount.PageClass" time="53.76"/>
</testsuite>