<?xml version="1.0" encoding="UTF-8"?>
<testng-results skipped="0" failed="0" ignored="0" total="5" passed="5">
  <reporter-output>
  </reporter-output>
  <suite name="Suite" duration-ms="224098" started-at="2021-05-31T15:05:12 IST" finished-at="2021-05-31T15:08:56 IST">
    <groups>
      <group name="Regression">
        <method signature="PageClass.calculateCarLoan(java.util.Hashtable)[pri:0, instance:HackathonProject.findTheInterestAmount.PageClass@a74868d]" name="calculateCarLoan" class="HackathonProject.findTheInterestAmount.PageClass"/>
        <method signature="PageClass.homeLoanEmiCalculator(java.util.Hashtable)[pri:1, instance:HackathonProject.findTheInterestAmount.PageClass@a74868d]" name="homeLoanEmiCalculator" class="HackathonProject.findTheInterestAmount.PageClass"/>
        <method signature="PageClass.testLoanCalculator(java.util.Hashtable)[pri:2, instance:HackathonProject.findTheInterestAmount.PageClass@a74868d]" name="testLoanCalculator" class="HackathonProject.findTheInterestAmount.PageClass"/>
      </group> <!-- Regression -->
      <group name="Smoke">
        <method signature="PageClass.calculateCarLoan(java.util.Hashtable)[pri:0, instance:HackathonProject.findTheInterestAmount.PageClass@a74868d]" name="calculateCarLoan" class="HackathonProject.findTheInterestAmount.PageClass"/>
        <method signature="PageClass.homeLoanEmiCalculator(java.util.Hashtable)[pri:1, instance:HackathonProject.findTheInterestAmount.PageClass@a74868d]" name="homeLoanEmiCalculator" class="HackathonProject.findTheInterestAmount.PageClass"/>
        <method signature="PageClass.testLoanCalculator(java.util.Hashtable)[pri:2, instance:HackathonProject.findTheInterestAmount.PageClass@a74868d]" name="testLoanCalculator" class="HackathonProject.findTheInterestAmount.PageClass"/>
      </group> <!-- Smoke -->
    </groups>
    <test name="Test" duration-ms="224098" started-at="2021-05-31T15:05:12 IST" finished-at="2021-05-31T15:08:56 IST">
      <class name="HackathonProject.findTheInterestAmount.PageClass">
        <test-method status="PASS" signature="calculateCarLoan(java.util.Hashtable)[pri:0, instance:HackathonProject.findTheInterestAmount.PageClass@a74868d]" name="calculateCarLoan" duration-ms="29842" started-at="2021-05-31T15:05:13 IST" data-provider="calculateCarLoan" finished-at="2021-05-31T15:05:43 IST">
          <params>
            <param index="0">
              <value>
                <![CDATA[{interestRate=9.5, loanAmount=1500000.0, loanTenure=1.0}]]>
              </value>
            </param>
          </params>
          <reporter-output>
          </reporter-output>
        </test-method> <!-- calculateCarLoan -->
        <test-method status="PASS" signature="homeLoanEmiCalculator(java.util.Hashtable)[pri:1, instance:HackathonProject.findTheInterestAmount.PageClass@a74868d]" name="homeLoanEmiCalculator" duration-ms="38917" started-at="2021-05-31T15:05:43 IST" data-provider="homeLoanCalc" finished-at="2021-05-31T15:06:22 IST">
          <params>
            <param index="0">
              <value>
                <![CDATA[{propTax=0.75, worksheetName=Sheet1, homeInsurance=0.08, workbookName=ExcelTableOutput, startDate=Mar 2020, fees=0.28, oneTimeexpense=12.0, tenure=22.0, intRate=11.2, downPay=15.0, homeValue=450000.0, maintanence=3000.0, insurance=1.0}]]>
              </value>
            </param>
          </params>
          <reporter-output>
          </reporter-output>
        </test-method> <!-- homeLoanEmiCalculator -->
        <test-method status="PASS" signature="testLoanCalculator(java.util.Hashtable)[pri:2, instance:HackathonProject.findTheInterestAmount.PageClass@a74868d]" name="testLoanCalculator" duration-ms="50676" started-at="2021-05-31T15:06:22 IST" data-provider="differentCalcRun" finished-at="2021-05-31T15:07:13 IST">
          <params>
            <param index="0">
              <value>
                <![CDATA[{textbox4_value=12300.0, chooseCalc_locator=emiCalcMenu_CSS, slider4_locator=pageFeesAndChargesSlider_xpath, textbox2_value=8.25, textbox3_locator=pageLoanTenureTextbox_CSS, slider2_locator=pageInterestRateSlider_xpath, textbox1_value=4050000.0, textbox1_locator=pageLoanAmountTextbox_CSS, textbox3_value=7.0, textbox4_locator=pageFeesAndChargesTextbox_CSS, calculator_used=emi calculator, slider3_locator=pageLoanTenureSlider_xpath, textbox2_locator=pageInterestRateTextbox_CSS, slider1_locator=pageLoanAmountSlider_xpath}]]>
              </value>
            </param>
          </params>
          <reporter-output>
          </reporter-output>
        </test-method> <!-- testLoanCalculator -->
        <test-method status="PASS" signature="testLoanCalculator(java.util.Hashtable)[pri:2, instance:HackathonProject.findTheInterestAmount.PageClass@a74868d]" name="testLoanCalculator" duration-ms="49650" started-at="2021-05-31T15:07:13 IST" data-provider="differentCalcRun" finished-at="2021-05-31T15:08:03 IST">
          <params>
            <param index="0">
              <value>
                <![CDATA[{textbox4_value=12300.0, chooseCalc_locator=loanAmountCalcMenu_CSS, slider4_locator=pageFeesAndChargesSlider_xpath, textbox2_value=7.5, textbox3_locator=pageLoanTenureTextbox_CSS, slider2_locator=pageInterestRateSlider_xpath, textbox1_value=2796000.0, textbox1_locator=pageEmiTextbox_CSS, textbox3_value=11.0, textbox4_locator=pageFeesAndChargesTextbox_CSS, calculator_used=loan amount calculator, slider3_locator=pageLoanTenureSlider_xpath, textbox2_locator=pageInterestRateTextbox_CSS, slider1_locator=pageEmiSlider_xpath}]]>
              </value>
            </param>
          </params>
          <reporter-output>
          </reporter-output>
        </test-method> <!-- testLoanCalculator -->
        <test-method status="PASS" signature="testLoanCalculator(java.util.Hashtable)[pri:2, instance:HackathonProject.findTheInterestAmount.PageClass@a74868d]" name="testLoanCalculator" duration-ms="53760" started-at="2021-05-31T15:08:03 IST" data-provider="differentCalcRun" finished-at="2021-05-31T15:08:56 IST">
          <params>
            <param index="0">
              <value>
                <![CDATA[{textbox4_value=7500.0, chooseCalc_locator=loanTenureCalcMenu_CSS, slider4_locator=pageFeesAndChargesSlider_xpath, textbox2_value=70000.0, textbox3_locator=pageInterestRateTextbox_CSS, slider2_locator=pageEmiSlider_xpath, textbox1_value=2500000.0, textbox1_locator=pageLoanAmountTextbox_CSS, textbox3_value=7.5, textbox4_locator=pageFeesAndChargesTextbox_CSS, calculator_used=loan tenure calculator, slider3_locator=pageInterestRateSlider_xpath, textbox2_locator=pageEmiTextbox_CSS, slider1_locator=pageLoanAmountSlider_xpath}]]>
              </value>
            </param>
          </params>
          <reporter-output>
          </reporter-output>
        </test-method> <!-- testLoanCalculator -->
      </class> <!-- HackathonProject.findTheInterestAmount.PageClass -->
    </test> <!-- Test -->
  </suite> <!-- Suite -->
</testng-results>
