<?xml version="1.0" encoding="UTF-8"?>
<!-- Generated by org.testng.reporters.JUnitXMLReporter -->
<testsuite ignored="0" hostname="LAPTOP-Q72SAP8P" failures="0" tests="4" name="Sample test case for Package" time="0.036" errors="0" timestamp="2024-01-17T18:36:44 IST">
  <testcase classname="com.testng.training.SampleClassOne" name="sameTestOneMethodTwo" time="0.004"/>
  <testcase classname="com.testng.training.SampleClassOne" name="sampleTestOneMethodOne" time="0.004"/>
  <testcase classname="com.testng.training.SampleClassTwo" name="sameTestTwoMethodTwo" time="0.002"/>
  <testcase classname="com.testng.training.SampleClassTwo" name="sampleTestTwoMethodOne" time="0.002"/>
</testsuite> <!-- Sample test case for Package -->
