<?xml version="1.0" encoding="UTF-8"?>
<!-- Generated by org.testng.reporters.JUnitXMLReporter -->
<testsuite hostname="LAPTOP-Q72SAP8P" ignored="0" name="Test" tests="5" failures="0" timestamp="2021-05-31T15:08:57 IST" time="224.098" errors="0">
  <testcase name="calculateCarLoan" time="29.842" classname="HackathonProject.findTheInterestAmount.PageClass"/>
  <testcase name="homeLoanEmiCalculator" time="38.917" classname="HackathonProject.findTheInterestAmount.PageClass"/>
  <testcase name="testLoanCalculator" time="50.676" classname="HackathonProject.findTheInterestAmount.PageClass"/>
  <testcase name="testLoanCalculator" time="49.65" classname="HackathonProject.findTheInterestAmount.PageClass"/>
  <testcase name="testLoanCalculator" time="53.76" classname="HackathonProject.findTheInterestAmount.PageClass"/>
</testsuite> <!-- Test -->
