<?xml version="1.0" encoding="UTF-8"?>
<!-- Generated by org.testng.reporters.JUnitXMLReporter -->
<testsuite ignored="0" hostname="LAPTOP-E5R60N50" failures="0" tests="8" name="Default test" time="290.427" errors="0" timestamp="2021-05-24T09:40:11 IST">
  <testcase classname="com.insurance.test.TravelInsurance_test" name="openurl" time="9.672"/>
  <testcase classname="com.insurance.test.TravelInsurance_test" name="testone" time="47.596"/>
  <testcase classname="com.insurance.test.TravelInsurance_test" name="testone" time="45.631"/>
  <testcase classname="com.insurance.test.TravelInsurance_test" name="testone" time="46.452"/>
  <testcase classname="com.insurance.test.TravelInsurance_test" name="testtwo" time="46.742"/>
  <testcase classname="com.insurance.test.TravelInsurance_test" name="testtwo" time="46.059"/>
  <testcase classname="com.insurance.test.TravelInsurance_test" name="testtwo" time="45.547"/>
  <testcase classname="com.insurance.test.TravelInsurance_test" name="testthree" time="0.777"/>
</testsuite> <!-- Default test -->
