<?xml version="1.0" encoding="UTF-8"?>
<testng-results ignored="0" total="4" passed="4" failed="0" skipped="0">
  <reporter-output>
  </reporter-output>
  <suite started-at="2024-01-25T21:52:31 IST" name="Suite A and B" finished-at="2024-01-25T21:52:31 IST" duration-ms="0">
    <groups>
    </groups>
  </suite> <!-- Suite A and B -->
  <suite started-at="2024-01-25T21:52:10 IST" name="SuiteA" finished-at="2024-01-25T21:52:21 IST" duration-ms="10319">
    <groups>
    </groups>
    <test started-at="2024-01-25T21:52:10 IST" name="TestA" finished-at="2024-01-25T21:52:16 IST" duration-ms="5115">
      <class name="suiteA.TestClassA">
        <test-method signature="testA()[pri:0, instance:suiteA.TestClassA@5acf93bb]" started-at="2024-01-25T21:52:11 IST" name="testA" finished-at="2024-01-25T21:52:16 IST" duration-ms="5024" status="PASS">
          <reporter-output>
          </reporter-output>
        </test-method> <!-- testA -->
      </class> <!-- suiteA.TestClassA -->
    </test> <!-- TestA -->
    <test started-at="2024-01-25T21:52:16 IST" name="TestAA" finished-at="2024-01-25T21:52:21 IST" duration-ms="5020">
      <class name="suiteA.TestClassAA">
        <test-method signature="testAA()[pri:0, instance:suiteA.TestClassAA@771a660]" started-at="2024-01-25T21:52:16 IST" name="testAA" finished-at="2024-01-25T21:52:21 IST" duration-ms="5006" status="PASS">
          <reporter-output>
          </reporter-output>
        </test-method> <!-- testAA -->
      </class> <!-- suiteA.TestClassAA -->
    </test> <!-- TestAA -->
  </suite> <!-- SuiteA -->
  <suite started-at="2024-01-25T21:52:21 IST" name="SuiteB" finished-at="2024-01-25T21:52:31 IST" duration-ms="10081">
    <groups>
    </groups>
    <test started-at="2024-01-25T21:52:21 IST" name="TestB" finished-at="2024-01-25T21:52:26 IST" duration-ms="5030">
      <class name="suiteB.TestClassB">
        <test-method signature="testB()[pri:0, instance:suiteB.TestClassB@3527942a]" started-at="2024-01-25T21:52:21 IST" name="testB" finished-at="2024-01-25T21:52:26 IST" duration-ms="5015" status="PASS">
          <reporter-output>
          </reporter-output>
        </test-method> <!-- testB -->
      </class> <!-- suiteB.TestClassB -->
    </test> <!-- TestB -->
    <test started-at="2024-01-25T21:52:26 IST" name="TestBB" finished-at="2024-01-25T21:52:31 IST" duration-ms="5025">
      <class name="suiteB.TestClassBB">
        <test-method signature="testBB()[pri:0, instance:suiteB.TestClassBB@60bd273d]" started-at="2024-01-25T21:52:26 IST" name="testBB" finished-at="2024-01-25T21:52:31 IST" duration-ms="5011" status="PASS">
          <reporter-output>
          </reporter-output>
        </test-method> <!-- testBB -->
      </class> <!-- suiteB.TestClassBB -->
    </test> <!-- TestBB -->
  </suite> <!-- SuiteB -->
</testng-results>
