<?xml version="1.0" encoding="UTF-8"?>
<!-- Generated by org.testng.reporters.JUnitXMLReporter -->
<testsuite ignored="0" hostname="LAPTOP-E5R60N50" failures="0" tests="8" name="Test" time="288.365" errors="0" timestamp="2021-05-23T23:56:24 IST">
  <testcase classname="com.insurance.test.TravelInsurance_test" name="openurl" time="7.67"/>
  <testcase classname="com.insurance.test.TravelInsurance_test" name="testone" time="47.127"/>
  <testcase classname="com.insurance.test.TravelInsurance_test" name="testone" time="45.686"/>
  <testcase classname="com.insurance.test.TravelInsurance_test" name="testone" time="46.295"/>
  <testcase classname="com.insurance.test.TravelInsurance_test" name="testtwo" time="46.972"/>
  <testcase classname="com.insurance.test.TravelInsurance_test" name="testtwo" time="46.26"/>
  <testcase classname="com.insurance.test.TravelInsurance_test" name="testtwo" time="46.034"/>
  <testcase classname="com.insurance.test.TravelInsurance_test" name="testthree" time="0.71"/>
</testsuite> <!-- Test -->
