<?xml version="1.0" encoding="UTF-8"?>
<!-- Generated by org.testng.reporters.JUnitXMLReporter -->
<testsuite ignored="0" hostname="Abhi" failures="0" tests="15" name="homeTest" time="21.642" errors="0" timestamp="2021-04-18T22:54:34 IST">
  <testcase classname="com.InterestAmount.testcases.loanAmountCalculatorUICheckTestcases" name="testloancalcnavigate" time="4.221"/>
  <testcase classname="com.InterestAmount.testcases.loanAmountCalculatorUICheckTestcases" name="testEMIslider" time="0.381"/>
  <testcase classname="com.InterestAmount.testcases.loanAmountCalculatorUICheckTestcases" name="testEMIslidercheck" time="0.621"/>
  <testcase classname="com.InterestAmount.testcases.loanAmountCalculatorUICheckTestcases" name="testEMItextbox" time="0.271"/>
  <testcase classname="com.InterestAmount.testcases.loanAmountCalculatorUICheckTestcases" name="testfeeChargeSlidercheck" time="0.611"/>
  <testcase classname="com.InterestAmount.testcases.loanAmountCalculatorUICheckTestcases" name="testfeechargesslider" time="0.221"/>
  <testcase classname="com.InterestAmount.testcases.loanAmountCalculatorUICheckTestcases" name="testfeechargestextbox" time="0.196"/>
  <testcase classname="com.InterestAmount.testcases.loanAmountCalculatorUICheckTestcases" name="testinterestrateslider" time="0.199"/>
  <testcase classname="com.InterestAmount.testcases.loanAmountCalculatorUICheckTestcases" name="testinterestrateslidercheck" time="0.544"/>
  <testcase classname="com.InterestAmount.testcases.loanAmountCalculatorUICheckTestcases" name="testinterestratetextbox" time="0.199"/>
  <testcase classname="com.InterestAmount.testcases.loanAmountCalculatorUICheckTestcases" name="testloantermslider" time="0.192"/>
  <testcase classname="com.InterestAmount.testcases.loanAmountCalculatorUICheckTestcases" name="testloantermslidercheck" time="0.606"/>
  <testcase classname="com.InterestAmount.testcases.loanAmountCalculatorUICheckTestcases" name="testloantermtextbox" time="0.316"/>
  <testcase classname="com.InterestAmount.testcases.loanAmountCalculatorUICheckTestcases" name="close" time="4.313"/>
  <testcase classname="com.InterestAmount.testcases.loanAmountCalculatorUICheckTestcases" name="endReport" time="0.178"/>
</testsuite> <!-- homeTest -->
