<?xml version="1.0" encoding="UTF-8"?>
<!-- Generated by org.testng.reporters.JUnitXMLReporter -->
<testsuite ignored="0" hostname="Abhi" failures="0" tests="5" name="homeLoan" time="18.994" errors="0" timestamp="2021-04-18T22:53:56 IST">
  <testcase classname="com.InterestAmount.testcases.homeLoanTestCases" name="testopenBrowser" time="7.58"/>
  <testcase classname="com.InterestAmount.testcases.homeLoanTestCases" name="testHomeEmi" time="3.921"/>
  <testcase classname="com.InterestAmount.testcases.homeLoanTestCases" name="testdataexport" time="6.956"/>
  <testcase classname="com.InterestAmount.testcases.homeLoanTestCases" name="close" time="0.305"/>
  <testcase classname="com.InterestAmount.testcases.homeLoanTestCases" name="endReport" time="0.227"/>
</testsuite> <!-- homeLoan -->
