<?xml version="1.0" encoding="UTF-8"?>
<!-- Generated by org.testng.reporters.JUnitXMLReporter -->
<testsuite ignored="0" hostname="Abhi" failures="0" tests="16" name="Loan Tenure" time="17.639" errors="0" timestamp="2021-04-18T22:54:51 IST">
  <testcase classname="com.InterestAmount.testcases.loanTenureUICheckTestCases" name="openBrowsertestCase" time="7.823"/>
  <testcase classname="com.InterestAmount.testcases.loanTenureUICheckTestCases" name="testloanTenurenavigate" time="4.297"/>
  <testcase classname="com.InterestAmount.testcases.loanTenureUICheckTestCases" name="testEMItextbox" time="0.267"/>
  <testcase classname="com.InterestAmount.testcases.loanTenureUICheckTestCases" name="testemislider" time="0.355"/>
  <testcase classname="com.InterestAmount.testcases.loanTenureUICheckTestCases" name="testemislidercheck" time="0.639"/>
  <testcase classname="com.InterestAmount.testcases.loanTenureUICheckTestCases" name="testfeechargesslider" time="0.234"/>
  <testcase classname="com.InterestAmount.testcases.loanTenureUICheckTestCases" name="testfeechargestextbox" time="0.188"/>
  <testcase classname="com.InterestAmount.testcases.loanTenureUICheckTestCases" name="testfeeslidercheck" time="0.62"/>
  <testcase classname="com.InterestAmount.testcases.loanTenureUICheckTestCases" name="testinterestRatetextbox" time="0.329"/>
  <testcase classname="com.InterestAmount.testcases.loanTenureUICheckTestCases" name="testloanAmountslider" time="0.253"/>
  <testcase classname="com.InterestAmount.testcases.loanTenureUICheckTestCases" name="testloanAmountslidercheck" time="0.673"/>
  <testcase classname="com.InterestAmount.testcases.loanTenureUICheckTestCases" name="testloanAmounttextbox" time="0.332"/>
  <testcase classname="com.InterestAmount.testcases.loanTenureUICheckTestCases" name="testloantermslider" time="0.232"/>
  <testcase classname="com.InterestAmount.testcases.loanTenureUICheckTestCases" name="testloantermslidercheck" time="0.622"/>
  <testcase classname="com.InterestAmount.testcases.loanTenureUICheckTestCases" name="testclose" time="0.603"/>
  <testcase classname="com.InterestAmount.testcases.loanTenureUICheckTestCases" name="testendReport" time="0.148"/>
</testsuite> <!-- Loan Tenure -->
