<?xml version="1.0" encoding="UTF-8"?>
<!-- Generated by org.testng.reporters.JUnitXMLReporter -->
<testsuite ignored="0" hostname="Abhi" failures="0" tests="5" name="Test" time="15.169" errors="0" timestamp="2021-04-18T22:53:36 IST">
  <testcase classname="com.InterestAmount.testcases.carLoanTestCases" name="openBrowsertestCase" time="10.789"/>
  <testcase classname="com.InterestAmount.testcases.carLoanTestCases" name="carEMIFormtestCase" time="1.842"/>
  <testcase classname="com.InterestAmount.testcases.carLoanTestCases" name="getdatatestcase" time="1.491"/>
  <testcase classname="com.InterestAmount.testcases.carLoanTestCases" name="closetestcase" time="0.331"/>
  <testcase classname="com.InterestAmount.testcases.carLoanTestCases" name="endReportestcase" time="0.623"/>
</testsuite> <!-- Test -->
