<?xml version="1.0" encoding="UTF-8"?>
<!-- Generated by org.testng.reporters.JUnitXMLReporter -->
<testsuite ignored="2" hostname="LAPTOP-Q72SAP8P" failures="0" tests="2" name="Group Functionality" time="0.055" errors="0" timestamp="2024-01-18T08:04:25 IST">
  <testcase classname="com.testng.training.TestCaseGrouping" name="testCaseOne" time="0.008"/>
  <testcase classname="com.testng.training.TestCaseGrouping" name="testCaseTwo" time="0.001"/>
  <testcase classname="com.testng.training.TestCaseGrouping" name="testCaseFour" time="0.0">
    <ignored/>
  </testcase> <!-- testCaseFour -->
  <testcase classname="com.testng.training.TestCaseGrouping" name="testCaseThree" time="0.0">
    <ignored/>
  </testcase> <!-- testCaseThree -->
</testsuite> <!-- Group Functionality -->
