<?xml version="1.0" encoding="UTF-8"?>
<testsuite xmlns:xsi="http://www.w3.org/2001/XMLSchema-instance" xsi:noNamespaceSchemaLocation="https://maven.apache.org/surefire/maven-surefire-plugin/xsd/surefire-test-report-3.0.xsd" version="3.0" name="TestSuite" time="290.755" tests="8" errors="0" skipped="0" failures="0">
  <properties>
[...]
</properties>
  <testcase name="openurl" classname="com.insurance.test.TravelInsurance_test" time="7.698">
    <system-err><![CDATA[Starting ChromeDriver 89.0.4389.23 (61b08ee2c50024bab004e48d2b1b083cdbdac579-refs/branch-heads/4389@{#294}) on port 5281
Only local connections are allowed.
Please see https://chromedriver.chromium.org/security-considerations for suggestions on keeping ChromeDriver safe.
ChromeDriver was started successfully.
[1621794098.958][WARNING]: This version of ChromeDriver has not been tested with Chrome version 90.
May 23, 2021 11:51:39 PM org.openqa.selenium.remote.ProtocolHandshake createSession
INFO: Detected dialect: W3C
]]></system-err>
  </testcase>
  <testcase name="testone[{StartDate=05/06/2021, Age2=22, Mobile number=9876543210, Age1=21, Comment=&quot;For Germany&quot;, EndDate=17/06/2021, Email Id=vijaya@gmail.com, Full Name=Ms.Vijaya, Country=Germany}](1)" classname="com.insurance.test.TravelInsurance_test" time="47.131">
    <system-out><![CDATA[
The three lowest international  travel insurance plan are listed below

1: Insurance Provider Company Name : "RELIANCE" 
Amount is : "958"

2: Insurance Provider Company Name : "BAJAJ" 
Amount is : "1,103"

3: Insurance Provider Company Name : "RELIGARE" 
Amount is : "1,629"
]]></system-out>
  </testcase>
  <testcase name="testone[{StartDate=05/06/2021, Age2=21, Mobile number=9854761203, Age1=22, Comment=&quot;For Belgium&quot;, EndDate=30/06/2021, Email Id=surya@gmail.com, Full Name=Mr.Surya, Country=Belgium}](2)" classname="com.insurance.test.TravelInsurance_test" time="45.685">
    <system-out><![CDATA[
The three lowest international  travel insurance plan are listed below

1: Insurance Provider Company Name : "RELIANCE" 
Amount is : "958"

2: Insurance Provider Company Name : "BAJAJ" 
Amount is : "1,103"

3: Insurance Provider Company Name : "RELIGARE" 
Amount is : "1,629"
]]></system-out>
  </testcase>
  <testcase name="testone[{StartDate=18/07/2021, Age2=22, Mobile number=9487612350, Age1=21, Comment=&quot;For France&quot;, EndDate=20/09/2021, Email Id=ajith@gmail.com, Full Name=Mr.Ajith, Country=France}](3)" classname="com.insurance.test.TravelInsurance_test" time="46.296">
    <system-out><![CDATA[
The three lowest international  travel insurance plan are listed below

1: Insurance Provider Company Name : "RELIANCE" 
Amount is : "3,429"

2: Insurance Provider Company Name : "BAJAJ" 
Amount is : "3,507"

3: Insurance Provider Company Name : "RELIGARE" 
Amount is : "4,507"
]]></system-out>
  </testcase>
  <testcase name="testtwo[{Name=Kumar, RTO &amp; City Name=MH01, PhoneNumber=9789212012, Comment=&quot;Invalid Email Id&quot;, Model Variant=1.3 DX (1343 Cc), Email=kumargmail.com, Car Name=HONDA CITY}](1)" classname="com.insurance.test.TravelInsurance_test" time="46.97">
    <system-out><![CDATA[Please enter a valid e-mail ID.
]]></system-out>
  </testcase>
  <testcase name="testtwo[{Name=Vishali, RTO &amp; City Name=Ka04 , PhoneNumber=454202460, Comment=&quot;Invalid PhoneNumber&quot;, Model Variant=ACTIVE 1.6 MPI MT (1598 Cc), Email=vishali@gmail.com, Car Name=SKODA RAPID}](2)" classname="com.insurance.test.TravelInsurance_test" time="46.26">
    <system-out><![CDATA[Please enter a valid 10-digit mobile number.
]]></system-out>
  </testcase>
  <testcase name="testtwo[{Name=Shiva, RTO &amp; City Name=TN02, PhoneNumber=978912, Comment=&quot;Invalid Email Id and PhoneNumber&quot;, Model Variant=1.2 Xcent E+ (1197 Cc), Email=shiva2505@.com, Car Name=HYUNDAI XCENT}](3)" classname="com.insurance.test.TravelInsurance_test" time="46.034">
    <system-out><![CDATA[Please enter a valid e-mail ID.
Please enter a valid 10-digit mobile number.
]]></system-out>
  </testcase>
  <testcase name="testthree" classname="com.insurance.test.TravelInsurance_test" time="0.711">
    <system-out><![CDATA[Moved to Insurance_Products
1 : Family Health Insurance
2 : Senior Citizen Health Insurance
3 : Coronavirus Health Insurance
4 : Corona Kavach Policy
5 : Corona Rakshak Policy
6 : Arogya Sanjeevani Policy
7 : Critical Illness Insurance
8 : Mediclaim Policy
9 : Best Health Insurance Plans
10 : Health Insurance Claim
11 : Health Insurance Calculator
]]></system-out>
  </testcase>
</testsuite>